<?xml version="1.0" encoding="UTF-8"?>
<!-- Generated by org.testng.reporters.JUnitXMLReporter -->
<testsuite ignored="0" hostname="NTY-EN-8D25HC2" failures="0" tests="7" name="Smoke Tests" time="288.265" errors="0" timestamp="2020-09-30T15:45:31 IDT">
  <testcase classname="Tests.LNE.InitCustomer" name="initCustomerAndDownloadInstaller" time="18.224"/>
  <testcase classname="Tests.LNE.InstallEP" name="InstallEndPoint" time="75.322"/>
  <testcase classname="Tests.LNE.StandaloneEPconfigurationVerify" name="verifyStandaloneEPconfiguration" time="6.567"/>
  <testcase classname="Tests.LNE.ChangeCustomerConfAndVerify" name="changeCustomerConfAndVerify" time="0.849"/>
  <testcase classname="Tests.LNE.ClusterConfiguration" name="setClusterConfiguration" time="5.257"/>
  <testcase classname="Tests.LNE.RevokeEndpoint" name="revokeEndpoint" time="81.074"/>
  <testcase classname="Tests.LNE.DeleteEndpoint" name="deleteEndpoint" time="96.97"/>
</testsuite> <!-- Smoke Tests -->
